
=== Tue Jan 28 08:56:50 2020

Packages were changed.
Update Mode: updateDependencies

The following packages were added:
  com.unity.2d.tilemap@1.0.0
  com.unity.collab-proxy@1.2.16
  com.unity.ext.nunit@1.0.0
  com.unity.test-framework@1.0.12
  com.unity.timeline@1.0.0
  com.unity.2d.sprite@1.0.0
  com.unity.ide.vscode@1.0.4
  com.unity.ide.visualstudio@1.0.5
  com.unity.ide.rider@1.0.4
  com.unity.modules.androidjni@1.0.0
  com.unity.multiplayer-hlapi@1.0.2
  com.unity.xr.legacyinputhelpers@2.0.2
The following packages were updated:
  com.unity.analytics from version 2.0.16 to 3.2.2
  com.unity.package-manager-ui from version 1.9.11 to 2.2.0
  com.unity.purchasing from version 2.0.3 to 2.0.6
  com.unity.textmeshpro from version 1.2.4 to 1.3.0

=== Tue May 14 14:21:26 2024

Packages were changed.
Update Mode: updateDependencies

The following packages were added:
  com.unity.ai.navigation@2.0.0
  com.unity.modules.accessibility@1.0.0
The following packages were updated:
  com.unity.ads from version 2.0.8 to 4.4.2
  com.unity.analytics from version 3.2.2 to 3.8.1
  com.unity.collab-proxy from version 1.2.16 to 2.3.1
  com.unity.ext.nunit from version 1.0.0 to 2.0.5
  com.unity.ide.rider from version 1.0.4 to 3.0.28
  com.unity.ide.visualstudio from version 1.0.5 to 2.0.22
  com.unity.purchasing from version 2.0.6 to 4.11.0
  com.unity.test-framework from version 1.0.12 to 1.4.3
  com.unity.timeline from version 1.0.0 to 1.8.6
  com.unity.xr.legacyinputhelpers from version 2.0.2 to 2.1.10
The following packages were removed:
  com.unity.multiplayer-hlapi@1.0.2
  com.unity.package-manager-ui@2.2.0
  com.unity.textmeshpro@1.3.0
  com.unity.xr.openvr.standalone@2.0.5
